2025-10-08 14:37:30.386 +02:00 [INF] User profile is available. Using '/Users/jaraazad/.aspnet/DataProtection-Keys' as key repository; keys will not be encrypted at rest.
2025-10-08 14:37:30.708 +02:00 [INF] Now listening on: https://localhost:7046
2025-10-08 14:37:30.708 +02:00 [INF] Now listening on: http://localhost:5063
2025-10-08 14:37:30.715 +02:00 [INF] Application started. Press Ctrl+C to shut down.
2025-10-08 14:37:30.741 +02:00 [INF] Hosting environment: Development
2025-10-08 14:37:30.741 +02:00 [INF] Content root path: /Users/jaraazad/Desktop/Webapplikasjoner_ITPE3200/Test/MyShop
2025-10-08 14:37:31.612 +02:00 [INF] Request starting HTTP/1.1 GET http://localhost:5063/ - null null
2025-10-08 14:37:31.630 +02:00 [INF] Executing endpoint 'MyShop.Controllers.HomeController.Index (MyShop)'
2025-10-08 14:37:31.643 +02:00 [INF] Route matched with {action = "Index", controller = "Home"}. Executing controller action with signature Microsoft.AspNetCore.Mvc.IActionResult Index() on controller MyShop.Controllers.HomeController (MyShop).
2025-10-08 14:37:31.649 +02:00 [INF] Executing ViewResult, running view Index.
2025-10-08 14:37:31.691 +02:00 [INF] Executed ViewResult - view Index executed in 43.3064ms.
2025-10-08 14:37:31.693 +02:00 [INF] Executed action MyShop.Controllers.HomeController.Index (MyShop) in 49.193ms
2025-10-08 14:37:31.693 +02:00 [INF] Executed endpoint 'MyShop.Controllers.HomeController.Index (MyShop)'
2025-10-08 14:37:31.694 +02:00 [INF] Request finished HTTP/1.1 GET http://localhost:5063/ - 200 null text/html; charset=utf-8 83.4197ms
2025-10-08 14:37:33.103 +02:00 [INF] Request starting HTTP/1.1 GET http://localhost:5063/Item/Table - null null
2025-10-08 14:37:33.111 +02:00 [INF] Executing endpoint 'MyShop.Controllers.ItemController.Table (MyShop)'
2025-10-08 14:37:33.118 +02:00 [INF] Route matched with {action = "Table", controller = "Item"}. Executing controller action with signature System.Threading.Tasks.Task`1[Microsoft.AspNetCore.Mvc.IActionResult] Table() on controller MyShop.Controllers.ItemController (MyShop).
2025-10-08 14:37:33.132 +02:00 [INF] This is an information message.
2025-10-08 14:37:33.133 +02:00 [WRN] This is a warning message
2025-10-08 14:37:33.136 +02:00 [ERR] This is an error message.
2025-10-08 14:37:33.217 +02:00 [INF] Executing ViewResult, running view Table.
2025-10-08 14:37:33.227 +02:00 [INF] Executed ViewResult - view Table executed in 10.3527ms.
2025-10-08 14:37:33.227 +02:00 [INF] Executed action MyShop.Controllers.ItemController.Table (MyShop) in 108.5711ms
2025-10-08 14:37:33.227 +02:00 [INF] Executed endpoint 'MyShop.Controllers.ItemController.Table (MyShop)'
2025-10-08 14:37:33.232 +02:00 [INF] Request finished HTTP/1.1 GET http://localhost:5063/Item/Table - 200 null text/html; charset=utf-8 129.855ms
2025-10-08 14:37:34.160 +02:00 [INF] Request starting HTTP/1.1 GET http://localhost:5063/Customer/Table - null null
2025-10-08 14:37:34.163 +02:00 [INF] Executing endpoint 'MyShop.Controllers.CustomerController.Table (MyShop)'
2025-10-08 14:37:34.168 +02:00 [INF] Route matched with {action = "Table", controller = "Customer"}. Executing controller action with signature System.Threading.Tasks.Task`1[Microsoft.AspNetCore.Mvc.IActionResult] Table() on controller MyShop.Controllers.CustomerController (MyShop).
2025-10-08 14:37:34.221 +02:00 [INF] Executing ViewResult, running view Table.
2025-10-08 14:37:34.249 +02:00 [INF] Executed ViewResult - view Table executed in 28.6693ms.
2025-10-08 14:37:34.250 +02:00 [INF] Executed action MyShop.Controllers.CustomerController.Table (MyShop) in 81.9411ms
2025-10-08 14:37:34.250 +02:00 [INF] Executed endpoint 'MyShop.Controllers.CustomerController.Table (MyShop)'
2025-10-08 14:37:34.250 +02:00 [INF] Request finished HTTP/1.1 GET http://localhost:5063/Customer/Table - 200 null text/html; charset=utf-8 89.8984ms
2025-10-08 14:37:35.179 +02:00 [INF] Request starting HTTP/1.1 GET http://localhost:5063/Order/Table - null null
2025-10-08 14:37:35.180 +02:00 [INF] Executing endpoint 'MyShop.Controllers.OrderController.Table (MyShop)'
2025-10-08 14:37:35.184 +02:00 [INF] Route matched with {action = "Table", controller = "Order"}. Executing controller action with signature System.Threading.Tasks.Task`1[Microsoft.AspNetCore.Mvc.IActionResult] Table() on controller MyShop.Controllers.OrderController (MyShop).
2025-10-08 14:37:35.198 +02:00 [INF] Executing ViewResult, running view Table.
2025-10-08 14:37:35.242 +02:00 [INF] Executed ViewResult - view Table executed in 44.552ms.
2025-10-08 14:37:35.242 +02:00 [INF] Executed action MyShop.Controllers.OrderController.Table (MyShop) in 57.6272ms
2025-10-08 14:37:35.242 +02:00 [INF] Executed endpoint 'MyShop.Controllers.OrderController.Table (MyShop)'
2025-10-08 14:37:35.242 +02:00 [INF] Request finished HTTP/1.1 GET http://localhost:5063/Order/Table - 200 null text/html; charset=utf-8 63.0505ms
2025-10-08 14:37:36.881 +02:00 [INF] Request starting HTTP/1.1 GET http://localhost:5063/Item/Table - null null
2025-10-08 14:37:36.883 +02:00 [INF] Executing endpoint 'MyShop.Controllers.ItemController.Table (MyShop)'
2025-10-08 14:37:36.884 +02:00 [INF] Route matched with {action = "Table", controller = "Item"}. Executing controller action with signature System.Threading.Tasks.Task`1[Microsoft.AspNetCore.Mvc.IActionResult] Table() on controller MyShop.Controllers.ItemController (MyShop).
2025-10-08 14:37:36.895 +02:00 [INF] This is an information message.
2025-10-08 14:37:36.897 +02:00 [WRN] This is a warning message
2025-10-08 14:37:36.898 +02:00 [ERR] This is an error message.
2025-10-08 14:37:36.901 +02:00 [INF] Executing ViewResult, running view Table.
2025-10-08 14:37:36.903 +02:00 [INF] Executed ViewResult - view Table executed in 2.4368ms.
2025-10-08 14:37:36.904 +02:00 [INF] Executed action MyShop.Controllers.ItemController.Table (MyShop) in 19.936ms
2025-10-08 14:37:36.904 +02:00 [INF] Executed endpoint 'MyShop.Controllers.ItemController.Table (MyShop)'
2025-10-08 14:37:36.904 +02:00 [INF] Request finished HTTP/1.1 GET http://localhost:5063/Item/Table - 200 null text/html; charset=utf-8 22.8755ms
2025-10-08 14:37:38.634 +02:00 [INF] Request starting HTTP/1.1 GET http://localhost:5063/Item/Update/2 - null null
2025-10-08 14:37:38.637 +02:00 [INF] Executing endpoint 'MyShop.Controllers.ItemController.Update (MyShop)'
2025-10-08 14:37:38.652 +02:00 [INF] Route matched with {action = "Update", controller = "Item"}. Executing controller action with signature System.Threading.Tasks.Task`1[Microsoft.AspNetCore.Mvc.IActionResult] Update(Int32) on controller MyShop.Controllers.ItemController (MyShop).
2025-10-08 14:37:38.683 +02:00 [INF] Executing ViewResult, running view Update.
2025-10-08 14:37:38.714 +02:00 [INF] Executed ViewResult - view Update executed in 32.4877ms.
2025-10-08 14:37:38.714 +02:00 [INF] Executed action MyShop.Controllers.ItemController.Update (MyShop) in 62.2347ms
2025-10-08 14:37:38.714 +02:00 [INF] Executed endpoint 'MyShop.Controllers.ItemController.Update (MyShop)'
2025-10-08 14:37:38.715 +02:00 [INF] Request finished HTTP/1.1 GET http://localhost:5063/Item/Update/2 - 200 null text/html; charset=utf-8 80.3546ms
2025-10-08 14:37:39.693 +02:00 [INF] Request starting HTTP/1.1 GET http://localhost:5063/Item/Table - null null
2025-10-08 14:37:39.693 +02:00 [INF] Executing endpoint 'MyShop.Controllers.ItemController.Table (MyShop)'
2025-10-08 14:37:39.694 +02:00 [INF] Route matched with {action = "Table", controller = "Item"}. Executing controller action with signature System.Threading.Tasks.Task`1[Microsoft.AspNetCore.Mvc.IActionResult] Table() on controller MyShop.Controllers.ItemController (MyShop).
2025-10-08 14:37:39.696 +02:00 [INF] This is an information message.
2025-10-08 14:37:39.698 +02:00 [WRN] This is a warning message
2025-10-08 14:37:39.700 +02:00 [ERR] This is an error message.
2025-10-08 14:37:39.705 +02:00 [INF] Executing ViewResult, running view Table.
2025-10-08 14:37:39.707 +02:00 [INF] Executed ViewResult - view Table executed in 2.1621ms.
2025-10-08 14:37:39.707 +02:00 [INF] Executed action MyShop.Controllers.ItemController.Table (MyShop) in 13.3697ms
2025-10-08 14:37:39.707 +02:00 [INF] Executed endpoint 'MyShop.Controllers.ItemController.Table (MyShop)'
2025-10-08 14:37:39.707 +02:00 [INF] Request finished HTTP/1.1 GET http://localhost:5063/Item/Table - 200 null text/html; charset=utf-8 14.1911ms
2025-10-08 14:37:48.601 +02:00 [INF] Request starting HTTP/1.1 GET http://localhost:5063/Item/Create - null null
2025-10-08 14:37:48.603 +02:00 [INF] Executing endpoint 'MyShop.Controllers.ItemController.Create (MyShop)'
2025-10-08 14:37:48.608 +02:00 [INF] Route matched with {action = "Create", controller = "Item"}. Executing controller action with signature Microsoft.AspNetCore.Mvc.IActionResult Create() on controller MyShop.Controllers.ItemController (MyShop).
2025-10-08 14:37:48.612 +02:00 [INF] Executing ViewResult, running view Create.
2025-10-08 14:37:48.641 +02:00 [INF] Executed ViewResult - view Create executed in 31.5024ms.
2025-10-08 14:37:48.642 +02:00 [INF] Executed action MyShop.Controllers.ItemController.Create (MyShop) in 33.1967ms
2025-10-08 14:37:48.642 +02:00 [INF] Executed endpoint 'MyShop.Controllers.ItemController.Create (MyShop)'
2025-10-08 14:37:48.642 +02:00 [INF] Request finished HTTP/1.1 GET http://localhost:5063/Item/Create - 200 null text/html; charset=utf-8 41.3655ms
2025-10-08 14:37:53.016 +02:00 [INF] Request starting HTTP/1.1 POST http://localhost:5063/Item/Create - application/x-www-form-urlencoded 253
2025-10-08 14:37:53.017 +02:00 [INF] Executing endpoint 'MyShop.Controllers.ItemController.Create (MyShop)'
2025-10-08 14:37:53.036 +02:00 [INF] Route matched with {action = "Create", controller = "Item"}. Executing controller action with signature System.Threading.Tasks.Task`1[Microsoft.AspNetCore.Mvc.IActionResult] Create(MyShop.Models.Item) on controller MyShop.Controllers.ItemController (MyShop).
2025-10-08 14:37:53.057 +02:00 [INF] Executing ViewResult, running view Create.
2025-10-08 14:37:53.059 +02:00 [INF] Executed ViewResult - view Create executed in 2.5098ms.
2025-10-08 14:37:53.059 +02:00 [INF] Executed action MyShop.Controllers.ItemController.Create (MyShop) in 22.1564ms
2025-10-08 14:37:53.059 +02:00 [INF] Executed endpoint 'MyShop.Controllers.ItemController.Create (MyShop)'
2025-10-08 14:37:53.059 +02:00 [INF] Request finished HTTP/1.1 POST http://localhost:5063/Item/Create - 200 null text/html; charset=utf-8 43.1277ms
2025-10-08 14:37:55.066 +02:00 [INF] Request starting HTTP/1.1 POST http://localhost:5063/Item/Create - application/x-www-form-urlencoded 253
2025-10-08 14:37:55.071 +02:00 [INF] Executing endpoint 'MyShop.Controllers.ItemController.Create (MyShop)'
2025-10-08 14:37:55.071 +02:00 [INF] Route matched with {action = "Create", controller = "Item"}. Executing controller action with signature System.Threading.Tasks.Task`1[Microsoft.AspNetCore.Mvc.IActionResult] Create(MyShop.Models.Item) on controller MyShop.Controllers.ItemController (MyShop).
2025-10-08 14:37:55.075 +02:00 [INF] Executing ViewResult, running view Create.
2025-10-08 14:37:55.078 +02:00 [INF] Executed ViewResult - view Create executed in 2.5312ms.
2025-10-08 14:37:55.078 +02:00 [INF] Executed action MyShop.Controllers.ItemController.Create (MyShop) in 6.277ms
2025-10-08 14:37:55.078 +02:00 [INF] Executed endpoint 'MyShop.Controllers.ItemController.Create (MyShop)'
2025-10-08 14:37:55.078 +02:00 [INF] Request finished HTTP/1.1 POST http://localhost:5063/Item/Create - 200 null text/html; charset=utf-8 12.1411ms
2025-10-08 14:38:11.862 +02:00 [INF] Request starting HTTP/1.1 POST http://localhost:5063/Item/Create - application/x-www-form-urlencoded 222
2025-10-08 14:38:11.872 +02:00 [INF] Executing endpoint 'MyShop.Controllers.ItemController.Create (MyShop)'
2025-10-08 14:38:11.873 +02:00 [INF] Route matched with {action = "Create", controller = "Item"}. Executing controller action with signature System.Threading.Tasks.Task`1[Microsoft.AspNetCore.Mvc.IActionResult] Create(MyShop.Models.Item) on controller MyShop.Controllers.ItemController (MyShop).
2025-10-08 14:38:11.877 +02:00 [INF] Executing ViewResult, running view Create.
2025-10-08 14:38:11.881 +02:00 [INF] Executed ViewResult - view Create executed in 4.1396ms.
2025-10-08 14:38:11.881 +02:00 [INF] Executed action MyShop.Controllers.ItemController.Create (MyShop) in 8.0062ms
2025-10-08 14:38:11.881 +02:00 [INF] Executed endpoint 'MyShop.Controllers.ItemController.Create (MyShop)'
2025-10-08 14:38:11.882 +02:00 [INF] Request finished HTTP/1.1 POST http://localhost:5063/Item/Create - 200 null text/html; charset=utf-8 19.9512ms
2025-10-08 14:38:12.120 +02:00 [INF] Request starting HTTP/1.1 POST http://localhost:5063/Item/Create - application/x-www-form-urlencoded 222
2025-10-08 14:38:12.120 +02:00 [INF] Executing endpoint 'MyShop.Controllers.ItemController.Create (MyShop)'
2025-10-08 14:38:12.120 +02:00 [INF] Route matched with {action = "Create", controller = "Item"}. Executing controller action with signature System.Threading.Tasks.Task`1[Microsoft.AspNetCore.Mvc.IActionResult] Create(MyShop.Models.Item) on controller MyShop.Controllers.ItemController (MyShop).
2025-10-08 14:38:12.121 +02:00 [INF] Executing ViewResult, running view Create.
2025-10-08 14:38:12.122 +02:00 [INF] Executed ViewResult - view Create executed in 1.3058ms.
2025-10-08 14:38:12.123 +02:00 [INF] Executed action MyShop.Controllers.ItemController.Create (MyShop) in 2.1307ms
2025-10-08 14:38:12.123 +02:00 [INF] Executed endpoint 'MyShop.Controllers.ItemController.Create (MyShop)'
2025-10-08 14:38:12.123 +02:00 [INF] Request finished HTTP/1.1 POST http://localhost:5063/Item/Create - 200 null text/html; charset=utf-8 2.6088ms
